{"message":"Metric recorded","context":{"metric_name":"timer.test_operation","metric_value":0.005062103271484375,"timestamp":1749598026.8572},"level":200,"level_name":"INFO","channel":"performance","datetime":"2025-06-11T01:27:06.857211+02:00","extra":{"memory_usage":"6 MB","process_id":103074}}
{"message":"Metric recorded","context":{"metric_name":"counter.test_requests","metric_value":10,"timestamp":1749598026.857437},"level":200,"level_name":"INFO","channel":"performance","datetime":"2025-06-11T01:27:06.857442+02:00","extra":{"memory_usage":"6 MB","process_id":103074}}
{"message":"Metric recorded","context":{"metric_name":"memory.usage.test_context","metric_value":6291456,"timestamp":1749598026.857507},"level":200,"level_name":"INFO","channel":"performance","datetime":"2025-06-11T01:27:06.857511+02:00","extra":{"memory_usage":"6 MB","process_id":103074}}
{"message":"Metric recorded","context":{"metric_name":"memory.peak.test_context","metric_value":6291456,"timestamp":1749598026.857541},"level":200,"level_name":"INFO","channel":"performance","datetime":"2025-06-11T01:27:06.857543+02:00","extra":{"memory_usage":"6 MB","process_id":103074}}
{"message":"Memory usage recorded","context":{"context":"test_context","memory_usage":6291456,"memory_peak":6291456,"memory_usage_mb":6.0,"memory_peak_mb":6.0},"level":200,"level_name":"INFO","channel":"performance","datetime":"2025-06-11T01:27:06.857570+02:00","extra":{"memory_usage":"6 MB","process_id":103074}}
{"message":"Metric recorded","context":{"metric_name":"memory.usage.bootstrap","metric_value":6291456,"timestamp":1749600895.07755},"level":200,"level_name":"INFO","channel":"performance","datetime":"2025-06-11T02:14:55.077554+02:00","extra":{"memory_usage":"6 MB","process_id":109646}}
{"message":"Metric recorded","context":{"metric_name":"memory.peak.bootstrap","metric_value":6291456,"timestamp":1749600895.077702},"level":200,"level_name":"INFO","channel":"performance","datetime":"2025-06-11T02:14:55.077705+02:00","extra":{"memory_usage":"6 MB","process_id":109646}}
{"message":"Memory usage recorded","context":{"context":"bootstrap","memory_usage":6291456,"memory_peak":6291456,"memory_usage_mb":6.0,"memory_peak_mb":6.0},"level":200,"level_name":"INFO","channel":"performance","datetime":"2025-06-11T02:14:55.077736+02:00","extra":{"memory_usage":"6 MB","process_id":109646}}
{"message":"Metric recorded","context":{"metric_name":"memory.usage.bootstrap","metric_value":6291456,"timestamp":1749601088.881879},"level":200,"level_name":"INFO","channel":"performance","datetime":"2025-06-11T02:18:08.881883+02:00","extra":{"memory_usage":"6 MB","process_id":110033}}
{"message":"Metric recorded","context":{"metric_name":"memory.peak.bootstrap","metric_value":6291456,"timestamp":1749601088.88195},"level":200,"level_name":"INFO","channel":"performance","datetime":"2025-06-11T02:18:08.881953+02:00","extra":{"memory_usage":"6 MB","process_id":110033}}
{"message":"Memory usage recorded","context":{"context":"bootstrap","memory_usage":6291456,"memory_peak":6291456,"memory_usage_mb":6.0,"memory_peak_mb":6.0},"level":200,"level_name":"INFO","channel":"performance","datetime":"2025-06-11T02:18:08.881985+02:00","extra":{"memory_usage":"6 MB","process_id":110033}}
{"message":"Metric recorded","context":{"metric_name":"memory.usage.bootstrap","metric_value":6291456,"timestamp":1749601089.109334},"level":200,"level_name":"INFO","channel":"performance","datetime":"2025-06-11T02:18:09.109338+02:00","extra":{"memory_usage":"6 MB","process_id":110034}}
{"message":"Metric recorded","context":{"metric_name":"memory.peak.bootstrap","metric_value":6291456,"timestamp":1749601089.109423},"level":200,"level_name":"INFO","channel":"performance","datetime":"2025-06-11T02:18:09.109426+02:00","extra":{"memory_usage":"6 MB","process_id":110034}}
{"message":"Memory usage recorded","context":{"context":"bootstrap","memory_usage":6291456,"memory_peak":6291456,"memory_usage_mb":6.0,"memory_peak_mb":6.0},"level":200,"level_name":"INFO","channel":"performance","datetime":"2025-06-11T02:18:09.109453+02:00","extra":{"memory_usage":"6 MB","process_id":110034}}
{"message":"Metric recorded","context":{"metric_name":"memory.usage.bootstrap","metric_value":6291456,"timestamp":1749644825.341836},"level":200,"level_name":"INFO","channel":"performance","datetime":"2025-06-11T14:27:05.341840+02:00","extra":{"memory_usage":"6 MB","process_id":17588}}
{"message":"Metric recorded","context":{"metric_name":"memory.peak.bootstrap","metric_value":6291456,"timestamp":1749644825.34202},"level":200,"level_name":"INFO","channel":"performance","datetime":"2025-06-11T14:27:05.342026+02:00","extra":{"memory_usage":"6 MB","process_id":17588}}
{"message":"Memory usage recorded","context":{"context":"bootstrap","memory_usage":6291456,"memory_peak":6291456,"memory_usage_mb":6.0,"memory_peak_mb":6.0},"level":200,"level_name":"INFO","channel":"performance","datetime":"2025-06-11T14:27:05.342074+02:00","extra":{"memory_usage":"6 MB","process_id":17588}}
{"message":"Metric recorded","context":{"metric_name":"memory.usage.bootstrap","metric_value":6291456,"timestamp":1749645293.930034},"level":200,"level_name":"INFO","channel":"performance","datetime":"2025-06-11T14:34:53.930038+02:00","extra":{"memory_usage":"6 MB","process_id":17832}}
{"message":"Metric recorded","context":{"metric_name":"memory.peak.bootstrap","metric_value":6291456,"timestamp":1749645293.930102},"level":200,"level_name":"INFO","channel":"performance","datetime":"2025-06-11T14:34:53.930105+02:00","extra":{"memory_usage":"6 MB","process_id":17832}}
{"message":"Memory usage recorded","context":{"context":"bootstrap","memory_usage":6291456,"memory_peak":6291456,"memory_usage_mb":6.0,"memory_peak_mb":6.0},"level":200,"level_name":"INFO","channel":"performance","datetime":"2025-06-11T14:34:53.930131+02:00","extra":{"memory_usage":"6 MB","process_id":17832}}
{"message":"Metric recorded","context":{"metric_name":"memory.usage.bootstrap","metric_value":6291456,"timestamp":1749645656.455195},"level":200,"level_name":"INFO","channel":"performance","datetime":"2025-06-11T14:40:56.455200+02:00","extra":{"memory_usage":"6 MB","process_id":18341}}
{"message":"Metric recorded","context":{"metric_name":"memory.peak.bootstrap","metric_value":6291456,"timestamp":1749645656.455275},"level":200,"level_name":"INFO","channel":"performance","datetime":"2025-06-11T14:40:56.455278+02:00","extra":{"memory_usage":"6 MB","process_id":18341}}
{"message":"Memory usage recorded","context":{"context":"bootstrap","memory_usage":6291456,"memory_peak":6291456,"memory_usage_mb":6.0,"memory_peak_mb":6.0},"level":200,"level_name":"INFO","channel":"performance","datetime":"2025-06-11T14:40:56.455308+02:00","extra":{"memory_usage":"6 MB","process_id":18341}}
{"message":"Metric recorded","context":{"metric_name":"memory.usage.bootstrap","metric_value":6291456,"timestamp":1749645963.512308},"level":200,"level_name":"INFO","channel":"performance","datetime":"2025-06-11T14:46:03.512312+02:00","extra":{"memory_usage":"6 MB","process_id":18622}}
{"message":"Metric recorded","context":{"metric_name":"memory.peak.bootstrap","metric_value":6291456,"timestamp":1749645963.512381},"level":200,"level_name":"INFO","channel":"performance","datetime":"2025-06-11T14:46:03.512384+02:00","extra":{"memory_usage":"6 MB","process_id":18622}}
{"message":"Memory usage recorded","context":{"context":"bootstrap","memory_usage":6291456,"memory_peak":6291456,"memory_usage_mb":6.0,"memory_peak_mb":6.0},"level":200,"level_name":"INFO","channel":"performance","datetime":"2025-06-11T14:46:03.512412+02:00","extra":{"memory_usage":"6 MB","process_id":18622}}
{"message":"Metric recorded","context":{"metric_name":"memory.usage.bootstrap","metric_value":6291456,"timestamp":1749646789.366017},"level":200,"level_name":"INFO","channel":"performance","datetime":"2025-06-11T14:59:49.366021+02:00","extra":{"memory_usage":"6 MB","process_id":19813}}
{"message":"Metric recorded","context":{"metric_name":"memory.peak.bootstrap","metric_value":6291456,"timestamp":1749646789.366096},"level":200,"level_name":"INFO","channel":"performance","datetime":"2025-06-11T14:59:49.366099+02:00","extra":{"memory_usage":"6 MB","process_id":19813}}
{"message":"Memory usage recorded","context":{"context":"bootstrap","memory_usage":6291456,"memory_peak":6291456,"memory_usage_mb":6.0,"memory_peak_mb":6.0},"level":200,"level_name":"INFO","channel":"performance","datetime":"2025-06-11T14:59:49.366138+02:00","extra":{"memory_usage":"6 MB","process_id":19813}}
{"message":"Metric recorded","context":{"metric_name":"memory.usage.bootstrap","metric_value":6291456,"timestamp":1749647211.925054},"level":200,"level_name":"INFO","channel":"performance","datetime":"2025-06-11T15:06:51.925057+02:00","extra":{"memory_usage":"6 MB","process_id":20645}}
{"message":"Metric recorded","context":{"metric_name":"memory.peak.bootstrap","metric_value":6291456,"timestamp":1749647211.925138},"level":200,"level_name":"INFO","channel":"performance","datetime":"2025-06-11T15:06:51.925141+02:00","extra":{"memory_usage":"6 MB","process_id":20645}}
{"message":"Memory usage recorded","context":{"context":"bootstrap","memory_usage":6291456,"memory_peak":6291456,"memory_usage_mb":6.0,"memory_peak_mb":6.0},"level":200,"level_name":"INFO","channel":"performance","datetime":"2025-06-11T15:06:51.925170+02:00","extra":{"memory_usage":"6 MB","process_id":20645}}
{"message":"Metric recorded","context":{"metric_name":"memory.usage.bootstrap","metric_value":6291456,"timestamp":1749647501.492678},"level":200,"level_name":"INFO","channel":"performance","datetime":"2025-06-11T15:11:41.492682+02:00","extra":{"memory_usage":"6 MB","process_id":21037}}
{"message":"Metric recorded","context":{"metric_name":"memory.peak.bootstrap","metric_value":6291456,"timestamp":1749647501.492757},"level":200,"level_name":"INFO","channel":"performance","datetime":"2025-06-11T15:11:41.492760+02:00","extra":{"memory_usage":"6 MB","process_id":21037}}
{"message":"Memory usage recorded","context":{"context":"bootstrap","memory_usage":6291456,"memory_peak":6291456,"memory_usage_mb":6.0,"memory_peak_mb":6.0},"level":200,"level_name":"INFO","channel":"performance","datetime":"2025-06-11T15:11:41.492787+02:00","extra":{"memory_usage":"6 MB","process_id":21037}}
{"message":"Metric recorded","context":{"metric_name":"memory.usage.bootstrap","metric_value":6291456,"timestamp":1749647787.902339},"level":200,"level_name":"INFO","channel":"performance","datetime":"2025-06-11T15:16:27.902342+02:00","extra":{"memory_usage":"6 MB","process_id":21287}}
{"message":"Metric recorded","context":{"metric_name":"memory.peak.bootstrap","metric_value":6291456,"timestamp":1749647787.902405},"level":200,"level_name":"INFO","channel":"performance","datetime":"2025-06-11T15:16:27.902408+02:00","extra":{"memory_usage":"6 MB","process_id":21287}}
{"message":"Memory usage recorded","context":{"context":"bootstrap","memory_usage":6291456,"memory_peak":6291456,"memory_usage_mb":6.0,"memory_peak_mb":6.0},"level":200,"level_name":"INFO","channel":"performance","datetime":"2025-06-11T15:16:27.902435+02:00","extra":{"memory_usage":"6 MB","process_id":21287}}
{"message":"Metric recorded","context":{"metric_name":"memory.usage.bootstrap","metric_value":6291456,"timestamp":1749648018.059606},"level":200,"level_name":"INFO","channel":"performance","datetime":"2025-06-11T15:20:18.059610+02:00","extra":{"memory_usage":"6 MB","process_id":21629}}
{"message":"Metric recorded","context":{"metric_name":"memory.peak.bootstrap","metric_value":6291456,"timestamp":1749648018.05967},"level":200,"level_name":"INFO","channel":"performance","datetime":"2025-06-11T15:20:18.059673+02:00","extra":{"memory_usage":"6 MB","process_id":21629}}
{"message":"Memory usage recorded","context":{"context":"bootstrap","memory_usage":6291456,"memory_peak":6291456,"memory_usage_mb":6.0,"memory_peak_mb":6.0},"level":200,"level_name":"INFO","channel":"performance","datetime":"2025-06-11T15:20:18.059700+02:00","extra":{"memory_usage":"6 MB","process_id":21629}}
{"message":"Metric recorded","context":{"metric_name":"memory.usage.bootstrap","metric_value":6291456,"timestamp":1749648305.799005},"level":200,"level_name":"INFO","channel":"performance","datetime":"2025-06-11T15:25:05.799009+02:00","extra":{"memory_usage":"6 MB","process_id":21985}}
{"message":"Metric recorded","context":{"metric_name":"memory.peak.bootstrap","metric_value":6291456,"timestamp":1749648305.799076},"level":200,"level_name":"INFO","channel":"performance","datetime":"2025-06-11T15:25:05.799079+02:00","extra":{"memory_usage":"6 MB","process_id":21985}}
{"message":"Memory usage recorded","context":{"context":"bootstrap","memory_usage":6291456,"memory_peak":6291456,"memory_usage_mb":6.0,"memory_peak_mb":6.0},"level":200,"level_name":"INFO","channel":"performance","datetime":"2025-06-11T15:25:05.799105+02:00","extra":{"memory_usage":"6 MB","process_id":21985}}
{"message":"Metric recorded","context":{"metric_name":"memory.usage.bootstrap","metric_value":6291456,"timestamp":1749648454.480198},"level":200,"level_name":"INFO","channel":"performance","datetime":"2025-06-11T15:27:34.480201+02:00","extra":{"memory_usage":"6 MB","process_id":22161}}
{"message":"Metric recorded","context":{"metric_name":"memory.peak.bootstrap","metric_value":6291456,"timestamp":1749648454.480265},"level":200,"level_name":"INFO","channel":"performance","datetime":"2025-06-11T15:27:34.480268+02:00","extra":{"memory_usage":"6 MB","process_id":22161}}
{"message":"Memory usage recorded","context":{"context":"bootstrap","memory_usage":6291456,"memory_peak":6291456,"memory_usage_mb":6.0,"memory_peak_mb":6.0},"level":200,"level_name":"INFO","channel":"performance","datetime":"2025-06-11T15:27:34.480295+02:00","extra":{"memory_usage":"6 MB","process_id":22161}}
{"message":"Metric recorded","context":{"metric_name":"memory.usage.bootstrap","metric_value":6291456,"timestamp":1749648489.456271},"level":200,"level_name":"INFO","channel":"performance","datetime":"2025-06-11T15:28:09.456275+02:00","extra":{"memory_usage":"6 MB","process_id":22184}}
{"message":"Metric recorded","context":{"metric_name":"memory.peak.bootstrap","metric_value":6291456,"timestamp":1749648489.456337},"level":200,"level_name":"INFO","channel":"performance","datetime":"2025-06-11T15:28:09.456339+02:00","extra":{"memory_usage":"6 MB","process_id":22184}}
{"message":"Memory usage recorded","context":{"context":"bootstrap","memory_usage":6291456,"memory_peak":6291456,"memory_usage_mb":6.0,"memory_peak_mb":6.0},"level":200,"level_name":"INFO","channel":"performance","datetime":"2025-06-11T15:28:09.456367+02:00","extra":{"memory_usage":"6 MB","process_id":22184}}
{"message":"Metric recorded","context":{"metric_name":"memory.usage.bootstrap","metric_value":6291456,"timestamp":1749648547.059909},"level":200,"level_name":"INFO","channel":"performance","datetime":"2025-06-11T15:29:07.059913+02:00","extra":{"memory_usage":"6 MB","process_id":22213}}
{"message":"Metric recorded","context":{"metric_name":"memory.peak.bootstrap","metric_value":6291456,"timestamp":1749648547.059977},"level":200,"level_name":"INFO","channel":"performance","datetime":"2025-06-11T15:29:07.059979+02:00","extra":{"memory_usage":"6 MB","process_id":22213}}
{"message":"Memory usage recorded","context":{"context":"bootstrap","memory_usage":6291456,"memory_peak":6291456,"memory_usage_mb":6.0,"memory_peak_mb":6.0},"level":200,"level_name":"INFO","channel":"performance","datetime":"2025-06-11T15:29:07.060006+02:00","extra":{"memory_usage":"6 MB","process_id":22213}}
{"message":"Metric recorded","context":{"metric_name":"memory.usage.bootstrap","metric_value":6291456,"timestamp":1749649209.817291},"level":200,"level_name":"INFO","channel":"performance","datetime":"2025-06-11T15:40:09.817295+02:00","extra":{"memory_usage":"6 MB","process_id":22822}}
{"message":"Metric recorded","context":{"metric_name":"memory.peak.bootstrap","metric_value":6291456,"timestamp":1749649209.817357},"level":200,"level_name":"INFO","channel":"performance","datetime":"2025-06-11T15:40:09.817360+02:00","extra":{"memory_usage":"6 MB","process_id":22822}}
{"message":"Memory usage recorded","context":{"context":"bootstrap","memory_usage":6291456,"memory_peak":6291456,"memory_usage_mb":6.0,"memory_peak_mb":6.0},"level":200,"level_name":"INFO","channel":"performance","datetime":"2025-06-11T15:40:09.817387+02:00","extra":{"memory_usage":"6 MB","process_id":22822}}
{"message":"Metric recorded","context":{"metric_name":"memory.usage.bootstrap","metric_value":6291456,"timestamp":1749649243.949525},"level":200,"level_name":"INFO","channel":"performance","datetime":"2025-06-11T15:40:43.949528+02:00","extra":{"memory_usage":"6 MB","process_id":22845}}
{"message":"Metric recorded","context":{"metric_name":"memory.peak.bootstrap","metric_value":6291456,"timestamp":1749649243.949591},"level":200,"level_name":"INFO","channel":"performance","datetime":"2025-06-11T15:40:43.949594+02:00","extra":{"memory_usage":"6 MB","process_id":22845}}
{"message":"Memory usage recorded","context":{"context":"bootstrap","memory_usage":6291456,"memory_peak":6291456,"memory_usage_mb":6.0,"memory_peak_mb":6.0},"level":200,"level_name":"INFO","channel":"performance","datetime":"2025-06-11T15:40:43.949621+02:00","extra":{"memory_usage":"6 MB","process_id":22845}}
{"message":"Metric recorded","context":{"metric_name":"memory.usage.bootstrap","metric_value":6291456,"timestamp":1749652117.711526},"level":200,"level_name":"INFO","channel":"performance","datetime":"2025-06-11T16:28:37.711530+02:00","extra":{"memory_usage":"6 MB","process_id":26096}}
{"message":"Metric recorded","context":{"metric_name":"memory.peak.bootstrap","metric_value":6291456,"timestamp":1749652117.711597},"level":200,"level_name":"INFO","channel":"performance","datetime":"2025-06-11T16:28:37.711600+02:00","extra":{"memory_usage":"6 MB","process_id":26096}}
{"message":"Memory usage recorded","context":{"context":"bootstrap","memory_usage":6291456,"memory_peak":6291456,"memory_usage_mb":6.0,"memory_peak_mb":6.0},"level":200,"level_name":"INFO","channel":"performance","datetime":"2025-06-11T16:28:37.711629+02:00","extra":{"memory_usage":"6 MB","process_id":26096}}
{"message":"Metric recorded","context":{"metric_name":"memory.usage.bootstrap","metric_value":6291456,"timestamp":1749652117.949567},"level":200,"level_name":"INFO","channel":"performance","datetime":"2025-06-11T16:28:37.949572+02:00","extra":{"memory_usage":"6 MB","process_id":26099}}
{"message":"Metric recorded","context":{"metric_name":"memory.peak.bootstrap","metric_value":6291456,"timestamp":1749652117.949638},"level":200,"level_name":"INFO","channel":"performance","datetime":"2025-06-11T16:28:37.949642+02:00","extra":{"memory_usage":"6 MB","process_id":26099}}
{"message":"Memory usage recorded","context":{"context":"bootstrap","memory_usage":6291456,"memory_peak":6291456,"memory_usage_mb":6.0,"memory_peak_mb":6.0},"level":200,"level_name":"INFO","channel":"performance","datetime":"2025-06-11T16:28:37.949686+02:00","extra":{"memory_usage":"6 MB","process_id":26099}}
{"message":"Metric recorded","context":{"metric_name":"memory.usage.bootstrap","metric_value":6291456,"timestamp":1749652178.690276},"level":200,"level_name":"INFO","channel":"performance","datetime":"2025-06-11T16:29:38.690280+02:00","extra":{"memory_usage":"6 MB","process_id":26178}}
{"message":"Metric recorded","context":{"metric_name":"memory.peak.bootstrap","metric_value":6291456,"timestamp":1749652178.690348},"level":200,"level_name":"INFO","channel":"performance","datetime":"2025-06-11T16:29:38.690351+02:00","extra":{"memory_usage":"6 MB","process_id":26178}}
{"message":"Memory usage recorded","context":{"context":"bootstrap","memory_usage":6291456,"memory_peak":6291456,"memory_usage_mb":6.0,"memory_peak_mb":6.0},"level":200,"level_name":"INFO","channel":"performance","datetime":"2025-06-11T16:29:38.690378+02:00","extra":{"memory_usage":"6 MB","process_id":26178}}
{"message":"Metric recorded","context":{"metric_name":"memory.usage.bootstrap","metric_value":6291456,"timestamp":1749652995.091983},"level":200,"level_name":"INFO","channel":"performance","datetime":"2025-06-11T16:43:15.091987+02:00","extra":{"memory_usage":"6 MB","process_id":26988}}
{"message":"Metric recorded","context":{"metric_name":"memory.peak.bootstrap","metric_value":6291456,"timestamp":1749652995.092051},"level":200,"level_name":"INFO","channel":"performance","datetime":"2025-06-11T16:43:15.092054+02:00","extra":{"memory_usage":"6 MB","process_id":26988}}
{"message":"Memory usage recorded","context":{"context":"bootstrap","memory_usage":6291456,"memory_peak":6291456,"memory_usage_mb":6.0,"memory_peak_mb":6.0},"level":200,"level_name":"INFO","channel":"performance","datetime":"2025-06-11T16:43:15.092087+02:00","extra":{"memory_usage":"6 MB","process_id":26988}}
{"message":"Metric recorded","context":{"metric_name":"memory.usage.bootstrap","metric_value":6291456,"timestamp":1749653035.768821},"level":200,"level_name":"INFO","channel":"performance","datetime":"2025-06-11T16:43:55.768825+02:00","extra":{"memory_usage":"6 MB","process_id":27020}}
{"message":"Metric recorded","context":{"metric_name":"memory.peak.bootstrap","metric_value":6291456,"timestamp":1749653035.768895},"level":200,"level_name":"INFO","channel":"performance","datetime":"2025-06-11T16:43:55.768898+02:00","extra":{"memory_usage":"6 MB","process_id":27020}}
{"message":"Memory usage recorded","context":{"context":"bootstrap","memory_usage":6291456,"memory_peak":6291456,"memory_usage_mb":6.0,"memory_peak_mb":6.0},"level":200,"level_name":"INFO","channel":"performance","datetime":"2025-06-11T16:43:55.768928+02:00","extra":{"memory_usage":"6 MB","process_id":27020}}
{"message":"Metric recorded","context":{"metric_name":"memory.usage.bootstrap","metric_value":6291456,"timestamp":1749653990.918279},"level":200,"level_name":"INFO","channel":"performance","datetime":"2025-06-11T16:59:50.918283+02:00","extra":{"memory_usage":"6 MB","process_id":28858}}
{"message":"Metric recorded","context":{"metric_name":"memory.peak.bootstrap","metric_value":6291456,"timestamp":1749653990.91836},"level":200,"level_name":"INFO","channel":"performance","datetime":"2025-06-11T16:59:50.918364+02:00","extra":{"memory_usage":"6 MB","process_id":28858}}
{"message":"Memory usage recorded","context":{"context":"bootstrap","memory_usage":6291456,"memory_peak":6291456,"memory_usage_mb":6.0,"memory_peak_mb":6.0},"level":200,"level_name":"INFO","channel":"performance","datetime":"2025-06-11T16:59:50.918396+02:00","extra":{"memory_usage":"6 MB","process_id":28858}}
{"message":"Metric recorded","context":{"metric_name":"memory.usage.bootstrap","metric_value":6291456,"timestamp":1749654476.81655},"level":200,"level_name":"INFO","channel":"performance","datetime":"2025-06-11T17:07:56.816555+02:00","extra":{"memory_usage":"6 MB","process_id":29692}}
{"message":"Metric recorded","context":{"metric_name":"memory.peak.bootstrap","metric_value":6291456,"timestamp":1749654476.816632},"level":200,"level_name":"INFO","channel":"performance","datetime":"2025-06-11T17:07:56.816636+02:00","extra":{"memory_usage":"6 MB","process_id":29692}}
{"message":"Memory usage recorded","context":{"context":"bootstrap","memory_usage":6291456,"memory_peak":6291456,"memory_usage_mb":6.0,"memory_peak_mb":6.0},"level":200,"level_name":"INFO","channel":"performance","datetime":"2025-06-11T17:07:56.816678+02:00","extra":{"memory_usage":"6 MB","process_id":29692}}
{"message":"Metric recorded","context":{"metric_name":"memory.usage.bootstrap","metric_value":6291456,"timestamp":1749655991.312093},"level":200,"level_name":"INFO","channel":"performance","datetime":"2025-06-11T17:33:11.312096+02:00","extra":{"memory_usage":"6 MB","process_id":31700}}
{"message":"Metric recorded","context":{"metric_name":"memory.peak.bootstrap","metric_value":6291456,"timestamp":1749655991.312159},"level":200,"level_name":"INFO","channel":"performance","datetime":"2025-06-11T17:33:11.312162+02:00","extra":{"memory_usage":"6 MB","process_id":31700}}
{"message":"Memory usage recorded","context":{"context":"bootstrap","memory_usage":6291456,"memory_peak":6291456,"memory_usage_mb":6.0,"memory_peak_mb":6.0},"level":200,"level_name":"INFO","channel":"performance","datetime":"2025-06-11T17:33:11.312190+02:00","extra":{"memory_usage":"6 MB","process_id":31700}}
{"message":"Metric recorded","context":{"metric_name":"memory.usage.bootstrap","metric_value":6291456,"timestamp":1749656710.255993},"level":200,"level_name":"INFO","channel":"performance","datetime":"2025-06-11T17:45:10.255997+02:00","extra":{"memory_usage":"6 MB","process_id":33307}}
{"message":"Metric recorded","context":{"metric_name":"memory.peak.bootstrap","metric_value":6291456,"timestamp":1749656710.256066},"level":200,"level_name":"INFO","channel":"performance","datetime":"2025-06-11T17:45:10.256071+02:00","extra":{"memory_usage":"6 MB","process_id":33307}}
{"message":"Memory usage recorded","context":{"context":"bootstrap","memory_usage":6291456,"memory_peak":6291456,"memory_usage_mb":6.0,"memory_peak_mb":6.0},"level":200,"level_name":"INFO","channel":"performance","datetime":"2025-06-11T17:45:10.256113+02:00","extra":{"memory_usage":"6 MB","process_id":33307}}
{"message":"Metric recorded","context":{"metric_name":"memory.usage.bootstrap","metric_value":6291456,"timestamp":1749657220.412927},"level":200,"level_name":"INFO","channel":"performance","datetime":"2025-06-11T17:53:40.412930+02:00","extra":{"memory_usage":"6 MB","process_id":34040}}
{"message":"Metric recorded","context":{"metric_name":"memory.peak.bootstrap","metric_value":6291456,"timestamp":1749657220.413004},"level":200,"level_name":"INFO","channel":"performance","datetime":"2025-06-11T17:53:40.413007+02:00","extra":{"memory_usage":"6 MB","process_id":34040}}
{"message":"Memory usage recorded","context":{"context":"bootstrap","memory_usage":6291456,"memory_peak":6291456,"memory_usage_mb":6.0,"memory_peak_mb":6.0},"level":200,"level_name":"INFO","channel":"performance","datetime":"2025-06-11T17:53:40.413035+02:00","extra":{"memory_usage":"6 MB","process_id":34040}}
{"message":"Metric recorded","context":{"metric_name":"memory.usage.bootstrap","metric_value":6291456,"timestamp":1749660583.472249},"level":200,"level_name":"INFO","channel":"performance","datetime":"2025-06-11T18:49:43.472253+02:00","extra":{"memory_usage":"6 MB","process_id":38006}}
{"message":"Metric recorded","context":{"metric_name":"memory.peak.bootstrap","metric_value":6291456,"timestamp":1749660583.472323},"level":200,"level_name":"INFO","channel":"performance","datetime":"2025-06-11T18:49:43.472326+02:00","extra":{"memory_usage":"6 MB","process_id":38006}}
{"message":"Memory usage recorded","context":{"context":"bootstrap","memory_usage":6291456,"memory_peak":6291456,"memory_usage_mb":6.0,"memory_peak_mb":6.0},"level":200,"level_name":"INFO","channel":"performance","datetime":"2025-06-11T18:49:43.472355+02:00","extra":{"memory_usage":"6 MB","process_id":38006}}
{"message":"Metric recorded","context":{"metric_name":"memory.usage.bootstrap","metric_value":6291456,"timestamp":1749661731.569556},"level":200,"level_name":"INFO","channel":"performance","datetime":"2025-06-11T19:08:51.569561+02:00","extra":{"memory_usage":"6 MB","process_id":39252}}
{"message":"Metric recorded","context":{"metric_name":"memory.peak.bootstrap","metric_value":6291456,"timestamp":1749661731.569661},"level":200,"level_name":"INFO","channel":"performance","datetime":"2025-06-11T19:08:51.569665+02:00","extra":{"memory_usage":"6 MB","process_id":39252}}
{"message":"Memory usage recorded","context":{"context":"bootstrap","memory_usage":6291456,"memory_peak":6291456,"memory_usage_mb":6.0,"memory_peak_mb":6.0},"level":200,"level_name":"INFO","channel":"performance","datetime":"2025-06-11T19:08:51.569702+02:00","extra":{"memory_usage":"6 MB","process_id":39252}}
{"message":"Metric recorded","context":{"metric_name":"memory.usage.bootstrap","metric_value":6291456,"timestamp":1749662767.525628},"level":200,"level_name":"INFO","channel":"performance","datetime":"2025-06-11T19:26:07.525631+02:00","extra":{"memory_usage":"6 MB","process_id":41801}}
{"message":"Metric recorded","context":{"metric_name":"memory.peak.bootstrap","metric_value":6291456,"timestamp":1749662767.525705},"level":200,"level_name":"INFO","channel":"performance","datetime":"2025-06-11T19:26:07.525708+02:00","extra":{"memory_usage":"6 MB","process_id":41801}}
{"message":"Memory usage recorded","context":{"context":"bootstrap","memory_usage":6291456,"memory_peak":6291456,"memory_usage_mb":6.0,"memory_peak_mb":6.0},"level":200,"level_name":"INFO","channel":"performance","datetime":"2025-06-11T19:26:07.525751+02:00","extra":{"memory_usage":"6 MB","process_id":41801}}
{"message":"Metric recorded","context":{"metric_name":"memory.usage.bootstrap","metric_value":6291456,"timestamp":1749664782.112168},"level":200,"level_name":"INFO","channel":"performance","datetime":"2025-06-11T19:59:42.112171+02:00","extra":{"memory_usage":"6 MB","process_id":45007}}
{"message":"Metric recorded","context":{"metric_name":"memory.peak.bootstrap","metric_value":6291456,"timestamp":1749664782.112236},"level":200,"level_name":"INFO","channel":"performance","datetime":"2025-06-11T19:59:42.112239+02:00","extra":{"memory_usage":"6 MB","process_id":45007}}
{"message":"Memory usage recorded","context":{"context":"bootstrap","memory_usage":6291456,"memory_peak":6291456,"memory_usage_mb":6.0,"memory_peak_mb":6.0},"level":200,"level_name":"INFO","channel":"performance","datetime":"2025-06-11T19:59:42.112268+02:00","extra":{"memory_usage":"6 MB","process_id":45007}}
{"message":"Metric recorded","context":{"metric_name":"memory.usage.bootstrap","metric_value":6291456,"timestamp":1749668232.550166},"level":200,"level_name":"INFO","channel":"performance","datetime":"2025-06-11T20:57:12.550170+02:00","extra":{"memory_usage":"6 MB","process_id":50497}}
{"message":"Metric recorded","context":{"metric_name":"memory.peak.bootstrap","metric_value":6291456,"timestamp":1749668232.550356},"level":200,"level_name":"INFO","channel":"performance","datetime":"2025-06-11T20:57:12.550359+02:00","extra":{"memory_usage":"6 MB","process_id":50497}}
{"message":"Memory usage recorded","context":{"context":"bootstrap","memory_usage":6291456,"memory_peak":6291456,"memory_usage_mb":6.0,"memory_peak_mb":6.0},"level":200,"level_name":"INFO","channel":"performance","datetime":"2025-06-11T20:57:12.550393+02:00","extra":{"memory_usage":"6 MB","process_id":50497}}
{"message":"Metric recorded","context":{"metric_name":"memory.usage.bootstrap","metric_value":6291456,"timestamp":1749671420.69953},"level":200,"level_name":"INFO","channel":"performance","datetime":"2025-06-11T21:50:20.699534+02:00","extra":{"memory_usage":"6 MB","process_id":55282}}
{"message":"Metric recorded","context":{"metric_name":"memory.peak.bootstrap","metric_value":6291456,"timestamp":1749671420.699708},"level":200,"level_name":"INFO","channel":"performance","datetime":"2025-06-11T21:50:20.699712+02:00","extra":{"memory_usage":"6 MB","process_id":55282}}
{"message":"Memory usage recorded","context":{"context":"bootstrap","memory_usage":6291456,"memory_peak":6291456,"memory_usage_mb":6.0,"memory_peak_mb":6.0},"level":200,"level_name":"INFO","channel":"performance","datetime":"2025-06-11T21:50:20.699755+02:00","extra":{"memory_usage":"6 MB","process_id":55282}}
{"message":"Metric recorded","context":{"metric_name":"memory.usage.bootstrap","metric_value":6291456,"timestamp":1749672734.415457},"level":200,"level_name":"INFO","channel":"performance","datetime":"2025-06-11T22:12:14.415460+02:00","extra":{"memory_usage":"6 MB","process_id":56036}}
{"message":"Metric recorded","context":{"metric_name":"memory.peak.bootstrap","metric_value":6291456,"timestamp":1749672734.415522},"level":200,"level_name":"INFO","channel":"performance","datetime":"2025-06-11T22:12:14.415525+02:00","extra":{"memory_usage":"6 MB","process_id":56036}}
{"message":"Memory usage recorded","context":{"context":"bootstrap","memory_usage":6291456,"memory_peak":6291456,"memory_usage_mb":6.0,"memory_peak_mb":6.0},"level":200,"level_name":"INFO","channel":"performance","datetime":"2025-06-11T22:12:14.415552+02:00","extra":{"memory_usage":"6 MB","process_id":56036}}
