[2025-06-30 23:18:52] app.INFO: Module routes loaded {"modules_count":11} {"process_id":64039,"memory_usage":"2 MB","url":"/blog","ip":"::1","http_method":"GET","server":"localhost","referrer":"http://localhost:8080/","uid":"0ade07d"}
[2025-06-30 23:18:52] app.INFO: Starting monitoring bootstrap  {"process_id":64039,"memory_usage":"2 MB","url":"/blog","ip":"::1","http_method":"GET","server":"localhost","referrer":"http://localhost:8080/","uid":"0ade07d"}
[2025-06-30 23:18:52] app.INFO: Health checks registered {"registered_checks":["database","filesystem","application"]} {"process_id":64039,"memory_usage":"2 MB","url":"/blog","ip":"::1","http_method":"GET","server":"localhost","referrer":"http://localhost:8080/","uid":"0ade07d"}
[2025-06-30 23:18:52] app.INFO: Monitoring bootstrap completed  {"process_id":64039,"memory_usage":"2 MB","url":"/blog","ip":"::1","http_method":"GET","server":"localhost","referrer":"http://localhost:8080/","uid":"0ade07d"}
[2025-06-30 23:18:52] app.INFO: Starting event system bootstrap  {"process_id":64039,"memory_usage":"2 MB","url":"/blog","ip":"::1","http_method":"GET","server":"localhost","referrer":"http://localhost:8080/","uid":"0ade07d"}
[2025-06-30 23:18:52] app.INFO: Event system bootstrap completed {"registered_listeners":3,"module_subscriptions":2} {"process_id":64039,"memory_usage":"2 MB","url":"/blog","ip":"::1","http_method":"GET","server":"localhost","referrer":"http://localhost:8080/","uid":"0ade07d"}
[2025-06-30 23:18:52] app.INFO: Language set successfully {"locale":"en_US","domain":"messages","setlocale_result":false} {"process_id":64039,"memory_usage":"2 MB","url":"/blog","ip":"::1","http_method":"GET","server":"localhost","referrer":"http://localhost:8080/","uid":"0ade07d"}
[2025-06-30 23:18:52] app.WARNING: Failed to set locale via middleware {"locale":"en_US"} {"process_id":64039,"memory_usage":"2 MB","url":"/blog","ip":"::1","http_method":"GET","server":"localhost","referrer":"http://localhost:8080/","uid":"0ade07d"}
[2025-06-30 23:19:01] app.INFO: Module routes loaded {"modules_count":11} {"process_id":64039,"memory_usage":"2 MB","url":"/blog/categories/architecture","ip":"::1","http_method":"GET","server":"localhost","referrer":"http://localhost:8080/blog","uid":"f8177a0"}
[2025-06-30 23:19:01] app.INFO: Starting monitoring bootstrap  {"process_id":64039,"memory_usage":"2 MB","url":"/blog/categories/architecture","ip":"::1","http_method":"GET","server":"localhost","referrer":"http://localhost:8080/blog","uid":"f8177a0"}
[2025-06-30 23:19:01] app.INFO: Health checks registered {"registered_checks":["database","filesystem","application"]} {"process_id":64039,"memory_usage":"2 MB","url":"/blog/categories/architecture","ip":"::1","http_method":"GET","server":"localhost","referrer":"http://localhost:8080/blog","uid":"f8177a0"}
[2025-06-30 23:19:01] app.INFO: Monitoring bootstrap completed  {"process_id":64039,"memory_usage":"2 MB","url":"/blog/categories/architecture","ip":"::1","http_method":"GET","server":"localhost","referrer":"http://localhost:8080/blog","uid":"f8177a0"}
[2025-06-30 23:19:01] app.INFO: Starting event system bootstrap  {"process_id":64039,"memory_usage":"2 MB","url":"/blog/categories/architecture","ip":"::1","http_method":"GET","server":"localhost","referrer":"http://localhost:8080/blog","uid":"f8177a0"}
[2025-06-30 23:19:01] app.INFO: Event system bootstrap completed {"registered_listeners":3,"module_subscriptions":2} {"process_id":64039,"memory_usage":"2 MB","url":"/blog/categories/architecture","ip":"::1","http_method":"GET","server":"localhost","referrer":"http://localhost:8080/blog","uid":"f8177a0"}
[2025-06-30 23:19:01] app.INFO: Language set successfully {"locale":"en_US","domain":"messages","setlocale_result":false} {"process_id":64039,"memory_usage":"2 MB","url":"/blog/categories/architecture","ip":"::1","http_method":"GET","server":"localhost","referrer":"http://localhost:8080/blog","uid":"f8177a0"}
[2025-06-30 23:19:01] app.WARNING: Failed to set locale via middleware {"locale":"en_US"} {"process_id":64039,"memory_usage":"2 MB","url":"/blog/categories/architecture","ip":"::1","http_method":"GET","server":"localhost","referrer":"http://localhost:8080/blog","uid":"f8177a0"}
[2025-06-30 23:19:08] app.INFO: Module routes loaded {"modules_count":11} {"process_id":64039,"memory_usage":"2 MB","url":"/blog/tags/%22blog%22","ip":"::1","http_method":"GET","server":"localhost","referrer":"http://localhost:8080/blog/categories/architecture","uid":"8261a98"}
[2025-06-30 23:19:08] app.INFO: Starting monitoring bootstrap  {"process_id":64039,"memory_usage":"2 MB","url":"/blog/tags/%22blog%22","ip":"::1","http_method":"GET","server":"localhost","referrer":"http://localhost:8080/blog/categories/architecture","uid":"8261a98"}
[2025-06-30 23:19:08] app.INFO: Health checks registered {"registered_checks":["database","filesystem","application"]} {"process_id":64039,"memory_usage":"2 MB","url":"/blog/tags/%22blog%22","ip":"::1","http_method":"GET","server":"localhost","referrer":"http://localhost:8080/blog/categories/architecture","uid":"8261a98"}
[2025-06-30 23:19:08] app.INFO: Monitoring bootstrap completed  {"process_id":64039,"memory_usage":"2 MB","url":"/blog/tags/%22blog%22","ip":"::1","http_method":"GET","server":"localhost","referrer":"http://localhost:8080/blog/categories/architecture","uid":"8261a98"}
[2025-06-30 23:19:08] app.INFO: Starting event system bootstrap  {"process_id":64039,"memory_usage":"2 MB","url":"/blog/tags/%22blog%22","ip":"::1","http_method":"GET","server":"localhost","referrer":"http://localhost:8080/blog/categories/architecture","uid":"8261a98"}
[2025-06-30 23:19:08] app.INFO: Event system bootstrap completed {"registered_listeners":3,"module_subscriptions":2} {"process_id":64039,"memory_usage":"2 MB","url":"/blog/tags/%22blog%22","ip":"::1","http_method":"GET","server":"localhost","referrer":"http://localhost:8080/blog/categories/architecture","uid":"8261a98"}
[2025-06-30 23:19:08] app.INFO: Language set successfully {"locale":"en_US","domain":"messages","setlocale_result":false} {"process_id":64039,"memory_usage":"2 MB","url":"/blog/tags/%22blog%22","ip":"::1","http_method":"GET","server":"localhost","referrer":"http://localhost:8080/blog/categories/architecture","uid":"8261a98"}
[2025-06-30 23:19:08] app.WARNING: Failed to set locale via middleware {"locale":"en_US"} {"process_id":64039,"memory_usage":"2 MB","url":"/blog/tags/%22blog%22","ip":"::1","http_method":"GET","server":"localhost","referrer":"http://localhost:8080/blog/categories/architecture","uid":"8261a98"}
[2025-06-30 23:19:10] app.INFO: Module routes loaded {"modules_count":11} {"process_id":64039,"memory_usage":"2 MB","url":"/blog/tags/%22cms%22","ip":"::1","http_method":"GET","server":"localhost","referrer":"http://localhost:8080/blog/tags/%22blog%22","uid":"af563b4"}
[2025-06-30 23:19:10] app.INFO: Starting monitoring bootstrap  {"process_id":64039,"memory_usage":"2 MB","url":"/blog/tags/%22cms%22","ip":"::1","http_method":"GET","server":"localhost","referrer":"http://localhost:8080/blog/tags/%22blog%22","uid":"af563b4"}
[2025-06-30 23:19:10] app.INFO: Health checks registered {"registered_checks":["database","filesystem","application"]} {"process_id":64039,"memory_usage":"2 MB","url":"/blog/tags/%22cms%22","ip":"::1","http_method":"GET","server":"localhost","referrer":"http://localhost:8080/blog/tags/%22blog%22","uid":"af563b4"}
[2025-06-30 23:19:10] app.INFO: Monitoring bootstrap completed  {"process_id":64039,"memory_usage":"2 MB","url":"/blog/tags/%22cms%22","ip":"::1","http_method":"GET","server":"localhost","referrer":"http://localhost:8080/blog/tags/%22blog%22","uid":"af563b4"}
[2025-06-30 23:19:10] app.INFO: Starting event system bootstrap  {"process_id":64039,"memory_usage":"2 MB","url":"/blog/tags/%22cms%22","ip":"::1","http_method":"GET","server":"localhost","referrer":"http://localhost:8080/blog/tags/%22blog%22","uid":"af563b4"}
[2025-06-30 23:19:10] app.INFO: Event system bootstrap completed {"registered_listeners":3,"module_subscriptions":2} {"process_id":64039,"memory_usage":"2 MB","url":"/blog/tags/%22cms%22","ip":"::1","http_method":"GET","server":"localhost","referrer":"http://localhost:8080/blog/tags/%22blog%22","uid":"af563b4"}
[2025-06-30 23:19:10] app.INFO: Language set successfully {"locale":"en_US","domain":"messages","setlocale_result":false} {"process_id":64039,"memory_usage":"2 MB","url":"/blog/tags/%22cms%22","ip":"::1","http_method":"GET","server":"localhost","referrer":"http://localhost:8080/blog/tags/%22blog%22","uid":"af563b4"}
[2025-06-30 23:19:10] app.WARNING: Failed to set locale via middleware {"locale":"en_US"} {"process_id":64039,"memory_usage":"2 MB","url":"/blog/tags/%22cms%22","ip":"::1","http_method":"GET","server":"localhost","referrer":"http://localhost:8080/blog/tags/%22blog%22","uid":"af563b4"}
[2025-06-30 23:19:13] app.INFO: Module routes loaded {"modules_count":11} {"process_id":64039,"memory_usage":"2 MB","url":"/blog/tags/%22interface%22","ip":"::1","http_method":"GET","server":"localhost","referrer":"http://localhost:8080/blog/tags/%22cms%22","uid":"9176e22"}
[2025-06-30 23:19:13] app.INFO: Starting monitoring bootstrap  {"process_id":64039,"memory_usage":"2 MB","url":"/blog/tags/%22interface%22","ip":"::1","http_method":"GET","server":"localhost","referrer":"http://localhost:8080/blog/tags/%22cms%22","uid":"9176e22"}
[2025-06-30 23:19:13] app.INFO: Health checks registered {"registered_checks":["database","filesystem","application"]} {"process_id":64039,"memory_usage":"2 MB","url":"/blog/tags/%22interface%22","ip":"::1","http_method":"GET","server":"localhost","referrer":"http://localhost:8080/blog/tags/%22cms%22","uid":"9176e22"}
[2025-06-30 23:19:13] app.INFO: Monitoring bootstrap completed  {"process_id":64039,"memory_usage":"2 MB","url":"/blog/tags/%22interface%22","ip":"::1","http_method":"GET","server":"localhost","referrer":"http://localhost:8080/blog/tags/%22cms%22","uid":"9176e22"}
[2025-06-30 23:19:13] app.INFO: Starting event system bootstrap  {"process_id":64039,"memory_usage":"2 MB","url":"/blog/tags/%22interface%22","ip":"::1","http_method":"GET","server":"localhost","referrer":"http://localhost:8080/blog/tags/%22cms%22","uid":"9176e22"}
[2025-06-30 23:19:13] app.INFO: Event system bootstrap completed {"registered_listeners":3,"module_subscriptions":2} {"process_id":64039,"memory_usage":"2 MB","url":"/blog/tags/%22interface%22","ip":"::1","http_method":"GET","server":"localhost","referrer":"http://localhost:8080/blog/tags/%22cms%22","uid":"9176e22"}
[2025-06-30 23:19:13] app.INFO: Language set successfully {"locale":"en_US","domain":"messages","setlocale_result":false} {"process_id":64039,"memory_usage":"2 MB","url":"/blog/tags/%22interface%22","ip":"::1","http_method":"GET","server":"localhost","referrer":"http://localhost:8080/blog/tags/%22cms%22","uid":"9176e22"}
[2025-06-30 23:19:13] app.WARNING: Failed to set locale via middleware {"locale":"en_US"} {"process_id":64039,"memory_usage":"2 MB","url":"/blog/tags/%22interface%22","ip":"::1","http_method":"GET","server":"localhost","referrer":"http://localhost:8080/blog/tags/%22cms%22","uid":"9176e22"}
[2025-06-30 23:19:16] app.INFO: Module routes loaded {"modules_count":11} {"process_id":64039,"memory_usage":"2 MB","url":"/api/blog/articles","ip":"::1","http_method":"GET","server":"localhost","referrer":"http://localhost:8080/blog/tags/%22interface%22","uid":"4e40fc4"}
[2025-06-30 23:19:16] app.INFO: Starting monitoring bootstrap  {"process_id":64039,"memory_usage":"2 MB","url":"/api/blog/articles","ip":"::1","http_method":"GET","server":"localhost","referrer":"http://localhost:8080/blog/tags/%22interface%22","uid":"4e40fc4"}
[2025-06-30 23:19:16] app.INFO: Health checks registered {"registered_checks":["database","filesystem","application"]} {"process_id":64039,"memory_usage":"2 MB","url":"/api/blog/articles","ip":"::1","http_method":"GET","server":"localhost","referrer":"http://localhost:8080/blog/tags/%22interface%22","uid":"4e40fc4"}
[2025-06-30 23:19:16] app.INFO: Monitoring bootstrap completed  {"process_id":64039,"memory_usage":"2 MB","url":"/api/blog/articles","ip":"::1","http_method":"GET","server":"localhost","referrer":"http://localhost:8080/blog/tags/%22interface%22","uid":"4e40fc4"}
[2025-06-30 23:19:16] app.INFO: Starting event system bootstrap  {"process_id":64039,"memory_usage":"2 MB","url":"/api/blog/articles","ip":"::1","http_method":"GET","server":"localhost","referrer":"http://localhost:8080/blog/tags/%22interface%22","uid":"4e40fc4"}
[2025-06-30 23:19:16] app.INFO: Event system bootstrap completed {"registered_listeners":3,"module_subscriptions":2} {"process_id":64039,"memory_usage":"2 MB","url":"/api/blog/articles","ip":"::1","http_method":"GET","server":"localhost","referrer":"http://localhost:8080/blog/tags/%22interface%22","uid":"4e40fc4"}
[2025-06-30 23:19:16] app.INFO: Language set successfully {"locale":"en_US","domain":"messages","setlocale_result":false} {"process_id":64039,"memory_usage":"2 MB","url":"/api/blog/articles","ip":"::1","http_method":"GET","server":"localhost","referrer":"http://localhost:8080/blog/tags/%22interface%22","uid":"4e40fc4"}
[2025-06-30 23:19:16] app.WARNING: Failed to set locale via middleware {"locale":"en_US"} {"process_id":64039,"memory_usage":"2 MB","url":"/api/blog/articles","ip":"::1","http_method":"GET","server":"localhost","referrer":"http://localhost:8080/blog/tags/%22interface%22","uid":"4e40fc4"}
[2025-06-30 23:19:22] app.INFO: Module routes loaded {"modules_count":11} {"process_id":64039,"memory_usage":"2 MB","url":"/blog/about","ip":"::1","http_method":"GET","server":"localhost","referrer":"http://localhost:8080/blog/tags/%22interface%22","uid":"9f67e7b"}
[2025-06-30 23:19:22] app.INFO: Starting monitoring bootstrap  {"process_id":64039,"memory_usage":"2 MB","url":"/blog/about","ip":"::1","http_method":"GET","server":"localhost","referrer":"http://localhost:8080/blog/tags/%22interface%22","uid":"9f67e7b"}
[2025-06-30 23:19:22] app.INFO: Health checks registered {"registered_checks":["database","filesystem","application"]} {"process_id":64039,"memory_usage":"2 MB","url":"/blog/about","ip":"::1","http_method":"GET","server":"localhost","referrer":"http://localhost:8080/blog/tags/%22interface%22","uid":"9f67e7b"}
[2025-06-30 23:19:22] app.INFO: Monitoring bootstrap completed  {"process_id":64039,"memory_usage":"2 MB","url":"/blog/about","ip":"::1","http_method":"GET","server":"localhost","referrer":"http://localhost:8080/blog/tags/%22interface%22","uid":"9f67e7b"}
[2025-06-30 23:19:22] app.INFO: Starting event system bootstrap  {"process_id":64039,"memory_usage":"2 MB","url":"/blog/about","ip":"::1","http_method":"GET","server":"localhost","referrer":"http://localhost:8080/blog/tags/%22interface%22","uid":"9f67e7b"}
[2025-06-30 23:19:22] app.INFO: Event system bootstrap completed {"registered_listeners":3,"module_subscriptions":2} {"process_id":64039,"memory_usage":"2 MB","url":"/blog/about","ip":"::1","http_method":"GET","server":"localhost","referrer":"http://localhost:8080/blog/tags/%22interface%22","uid":"9f67e7b"}
[2025-06-30 23:19:22] app.INFO: Language set successfully {"locale":"en_US","domain":"messages","setlocale_result":false} {"process_id":64039,"memory_usage":"2 MB","url":"/blog/about","ip":"::1","http_method":"GET","server":"localhost","referrer":"http://localhost:8080/blog/tags/%22interface%22","uid":"9f67e7b"}
[2025-06-30 23:19:22] app.WARNING: Failed to set locale via middleware {"locale":"en_US"} {"process_id":64039,"memory_usage":"2 MB","url":"/blog/about","ip":"::1","http_method":"GET","server":"localhost","referrer":"http://localhost:8080/blog/tags/%22interface%22","uid":"9f67e7b"}
[2025-06-30 23:19:32] app.INFO: Module routes loaded {"modules_count":11} {"process_id":64039,"memory_usage":"2 MB","url":"/blog","ip":"::1","http_method":"GET","server":"localhost","referrer":"http://localhost:8080/blog/about","uid":"1736a2d"}
[2025-06-30 23:19:32] app.INFO: Starting monitoring bootstrap  {"process_id":64039,"memory_usage":"2 MB","url":"/blog","ip":"::1","http_method":"GET","server":"localhost","referrer":"http://localhost:8080/blog/about","uid":"1736a2d"}
[2025-06-30 23:19:32] app.INFO: Health checks registered {"registered_checks":["database","filesystem","application"]} {"process_id":64039,"memory_usage":"2 MB","url":"/blog","ip":"::1","http_method":"GET","server":"localhost","referrer":"http://localhost:8080/blog/about","uid":"1736a2d"}
[2025-06-30 23:19:32] app.INFO: Monitoring bootstrap completed  {"process_id":64039,"memory_usage":"2 MB","url":"/blog","ip":"::1","http_method":"GET","server":"localhost","referrer":"http://localhost:8080/blog/about","uid":"1736a2d"}
[2025-06-30 23:19:32] app.INFO: Starting event system bootstrap  {"process_id":64039,"memory_usage":"2 MB","url":"/blog","ip":"::1","http_method":"GET","server":"localhost","referrer":"http://localhost:8080/blog/about","uid":"1736a2d"}
[2025-06-30 23:19:32] app.INFO: Event system bootstrap completed {"registered_listeners":3,"module_subscriptions":2} {"process_id":64039,"memory_usage":"2 MB","url":"/blog","ip":"::1","http_method":"GET","server":"localhost","referrer":"http://localhost:8080/blog/about","uid":"1736a2d"}
[2025-06-30 23:19:32] app.INFO: Language set successfully {"locale":"en_US","domain":"messages","setlocale_result":false} {"process_id":64039,"memory_usage":"2 MB","url":"/blog","ip":"::1","http_method":"GET","server":"localhost","referrer":"http://localhost:8080/blog/about","uid":"1736a2d"}
[2025-06-30 23:19:32] app.WARNING: Failed to set locale via middleware {"locale":"en_US"} {"process_id":64039,"memory_usage":"2 MB","url":"/blog","ip":"::1","http_method":"GET","server":"localhost","referrer":"http://localhost:8080/blog/about","uid":"1736a2d"}
[2025-06-30 23:19:35] app.INFO: Module routes loaded {"modules_count":11} {"process_id":64039,"memory_usage":"2 MB","url":"/","ip":"::1","http_method":"GET","server":"localhost","referrer":"http://localhost:8080/blog","uid":"67fe89f"}
[2025-06-30 23:19:35] app.INFO: Starting monitoring bootstrap  {"process_id":64039,"memory_usage":"2 MB","url":"/","ip":"::1","http_method":"GET","server":"localhost","referrer":"http://localhost:8080/blog","uid":"67fe89f"}
[2025-06-30 23:19:35] app.INFO: Health checks registered {"registered_checks":["database","filesystem","application"]} {"process_id":64039,"memory_usage":"2 MB","url":"/","ip":"::1","http_method":"GET","server":"localhost","referrer":"http://localhost:8080/blog","uid":"67fe89f"}
[2025-06-30 23:19:35] app.INFO: Monitoring bootstrap completed  {"process_id":64039,"memory_usage":"2 MB","url":"/","ip":"::1","http_method":"GET","server":"localhost","referrer":"http://localhost:8080/blog","uid":"67fe89f"}
[2025-06-30 23:19:35] app.INFO: Starting event system bootstrap  {"process_id":64039,"memory_usage":"2 MB","url":"/","ip":"::1","http_method":"GET","server":"localhost","referrer":"http://localhost:8080/blog","uid":"67fe89f"}
[2025-06-30 23:19:35] app.INFO: Event system bootstrap completed {"registered_listeners":3,"module_subscriptions":2} {"process_id":64039,"memory_usage":"2 MB","url":"/","ip":"::1","http_method":"GET","server":"localhost","referrer":"http://localhost:8080/blog","uid":"67fe89f"}
[2025-06-30 23:19:35] app.INFO: Language set successfully {"locale":"en_US","domain":"messages","setlocale_result":false} {"process_id":64039,"memory_usage":"2 MB","url":"/","ip":"::1","http_method":"GET","server":"localhost","referrer":"http://localhost:8080/blog","uid":"67fe89f"}
[2025-06-30 23:19:35] app.WARNING: Failed to set locale via middleware {"locale":"en_US"} {"process_id":64039,"memory_usage":"2 MB","url":"/","ip":"::1","http_method":"GET","server":"localhost","referrer":"http://localhost:8080/blog","uid":"67fe89f"}
[2025-06-30 23:19:38] app.INFO: Module routes loaded {"modules_count":11} {"process_id":64039,"memory_usage":"2 MB","url":"/docs","ip":"::1","http_method":"GET","server":"localhost","referrer":"http://localhost:8080/","uid":"7032224"}
[2025-06-30 23:19:38] app.INFO: Starting monitoring bootstrap  {"process_id":64039,"memory_usage":"2 MB","url":"/docs","ip":"::1","http_method":"GET","server":"localhost","referrer":"http://localhost:8080/","uid":"7032224"}
[2025-06-30 23:19:38] app.INFO: Health checks registered {"registered_checks":["database","filesystem","application"]} {"process_id":64039,"memory_usage":"2 MB","url":"/docs","ip":"::1","http_method":"GET","server":"localhost","referrer":"http://localhost:8080/","uid":"7032224"}
[2025-06-30 23:19:38] app.INFO: Monitoring bootstrap completed  {"process_id":64039,"memory_usage":"2 MB","url":"/docs","ip":"::1","http_method":"GET","server":"localhost","referrer":"http://localhost:8080/","uid":"7032224"}
[2025-06-30 23:19:38] app.INFO: Starting event system bootstrap  {"process_id":64039,"memory_usage":"2 MB","url":"/docs","ip":"::1","http_method":"GET","server":"localhost","referrer":"http://localhost:8080/","uid":"7032224"}
[2025-06-30 23:19:38] app.INFO: Event system bootstrap completed {"registered_listeners":3,"module_subscriptions":2} {"process_id":64039,"memory_usage":"2 MB","url":"/docs","ip":"::1","http_method":"GET","server":"localhost","referrer":"http://localhost:8080/","uid":"7032224"}
[2025-06-30 23:19:38] app.INFO: Language set successfully {"locale":"en_US","domain":"messages","setlocale_result":false} {"process_id":64039,"memory_usage":"2 MB","url":"/docs","ip":"::1","http_method":"GET","server":"localhost","referrer":"http://localhost:8080/","uid":"7032224"}
[2025-06-30 23:19:38] app.WARNING: Failed to set locale via middleware {"locale":"en_US"} {"process_id":64039,"memory_usage":"2 MB","url":"/docs","ip":"::1","http_method":"GET","server":"localhost","referrer":"http://localhost:8080/","uid":"7032224"}
[2025-06-30 23:19:43] app.INFO: Module routes loaded {"modules_count":11} {"process_id":64039,"memory_usage":"2 MB","url":"/docs/api/README.md","ip":"::1","http_method":"GET","server":"localhost","referrer":"http://localhost:8080/docs","uid":"4606ee7"}
[2025-06-30 23:19:43] app.INFO: Starting monitoring bootstrap  {"process_id":64039,"memory_usage":"2 MB","url":"/docs/api/README.md","ip":"::1","http_method":"GET","server":"localhost","referrer":"http://localhost:8080/docs","uid":"4606ee7"}
[2025-06-30 23:19:43] app.INFO: Health checks registered {"registered_checks":["database","filesystem","application"]} {"process_id":64039,"memory_usage":"2 MB","url":"/docs/api/README.md","ip":"::1","http_method":"GET","server":"localhost","referrer":"http://localhost:8080/docs","uid":"4606ee7"}
[2025-06-30 23:19:43] app.INFO: Monitoring bootstrap completed  {"process_id":64039,"memory_usage":"2 MB","url":"/docs/api/README.md","ip":"::1","http_method":"GET","server":"localhost","referrer":"http://localhost:8080/docs","uid":"4606ee7"}
[2025-06-30 23:19:43] app.INFO: Starting event system bootstrap  {"process_id":64039,"memory_usage":"2 MB","url":"/docs/api/README.md","ip":"::1","http_method":"GET","server":"localhost","referrer":"http://localhost:8080/docs","uid":"4606ee7"}
[2025-06-30 23:19:43] app.INFO: Event system bootstrap completed {"registered_listeners":3,"module_subscriptions":2} {"process_id":64039,"memory_usage":"2 MB","url":"/docs/api/README.md","ip":"::1","http_method":"GET","server":"localhost","referrer":"http://localhost:8080/docs","uid":"4606ee7"}
[2025-06-30 23:19:43] app.INFO: Language set successfully {"locale":"en_US","domain":"messages","setlocale_result":false} {"process_id":64039,"memory_usage":"2 MB","url":"/docs/api/README.md","ip":"::1","http_method":"GET","server":"localhost","referrer":"http://localhost:8080/docs","uid":"4606ee7"}
[2025-06-30 23:19:43] app.WARNING: Failed to set locale via middleware {"locale":"en_US"} {"process_id":64039,"memory_usage":"2 MB","url":"/docs/api/README.md","ip":"::1","http_method":"GET","server":"localhost","referrer":"http://localhost:8080/docs","uid":"4606ee7"}
